<?xml version="1.0" encoding="UTF-8"?>
<!-- Generated by org.testng.reporters.JUnitReportReporter -->
<testsuite hostname="DESKTOP-9B2JCSO" failures="0" tests="3" name="org.test.Sample" time="9.781" errors="0" timestamp="2024-01-05T16:35:46 IST" skipped="0">
  <testcase classname="org.test.Sample" name="postReq" time="9.407"/>
  <system-out/>
  <testcase classname="org.test.Sample" name="tc1" time="0.270"/>
  <system-out/>
  <testcase classname="org.test.Sample" name="putReq" time="0.104"/>
  <system-out/>
</testsuite> <!-- org.test.Sample -->
