<?xml version="1.0" encoding="UTF-8"?>
<!-- Generated by org.testng.reporters.JUnitReportReporter -->
<testsuite hostname="DESKTOP-9B2JCSO" failures="0" tests="1" name="org.test.TestCases" time="5.904" errors="0" timestamp="2023-12-30T16:54:25 IST" skipped="0">
  <testcase classname="org.test.TestCases" name="delRequest" time="5.904"/>
  <system-out/>
</testsuite> <!-- org.test.TestCases -->
