<?xml version="1.0" encoding="UTF-8"?>
<!-- Generated by org.testng.reporters.JUnitReportReporter -->
<testsuite hostname="DESKTOP-9B2JCSO" failures="0" tests="1" name="org.test.SampleTest" time="5.673" errors="0" timestamp="2024-01-07T12:50:50 IST" skipped="0">
  <testcase classname="org.test.SampleTest" name="tc1" time="5.673"/>
  <system-out/>
</testsuite> <!-- org.test.SampleTest -->
